<?xml version="1.0" encoding="UTF-8"?>
<testsuites name="Login" time="49.02" tests="5" failures="0" errors="0">
   <testsuite name="Login" tests="5" failures="0" errors="0" time="49.02" skipped="0" timestamp="2022-12-27 23:04:37" hostname="ASUS - LAPTOP-FAH05298" id="Test Suites/Login">
      <properties>
         <property name="deviceName" value=""/>
         <property name="devicePlatform" value=""/>
         <property name="logFolder" value="D:\\PROJECT\\CodingID\\QuizDay4\\Reports\\20221227_230426\\Login\\20221227_230426"/>
         <property name="logFiles" value="D:\\PROJECT\\CodingID\\QuizDay4\\Reports\\20221227_230426\\Login\\20221227_230426\\execution0.log"/>
         <property name="attachments" value=""/>
         <property name="hostName" value="ASUS - LAPTOP-FAH05298"/>
         <property name="os" value="Windows 10 64bit"/>
         <property name="katalonVersion" value="8.5.2.208"/>
         <property name="browser" value="Chrome 108.0.0.0"/>
         <property name="hostAddress" value="192.168.100.3"/>
         <property name="sessionId" value="72f29e470b7773873a2605fbef80c73c"/>
         <property name="seleniumVersion" value="3.141.59"/>
         <property name="proxyInformation" value="ProxyInformation { proxyOption=NO_PROXY, proxyServerType=HTTP, username=, password=********, proxyServerAddress=, proxyServerPort=0, executionList=&quot;&quot;, isApplyToDesiredCapabilities=true }"/>
         <property name="platform" value="Windows 10"/>
      </properties>
      <testcase name="Test Cases/Login/TWL01_Verify move login page" time="9.828" classname="Test Cases/Login/TWL01_Verify move login page" status="PASSED">
         <system-out><![CDATA[2022-12-27 23:04:37 - [TEST_CASE][PASSED] - Test Cases/Login/TWL01_Verify move login page: Test Cases/Login/TWL01_Verify move login page

2022-12-27 23:04:37 - [TEST_STEP][PASSED] - openBrowser(G_SiteURL): Browser is opened with url: 'https://katalon-demo-cura.herokuapp.com/'

2022-12-27 23:04:38 - [MESSAGE][INFO] - Starting 'Chrome' driver

2022-12-27 23:04:38 - [MESSAGE][INFO] - Action delay is set to 0 milliseconds

2022-12-27 23:04:44 - [MESSAGE][PASSED] - Browser is opened with url: 'https://katalon-demo-cura.herokuapp.com/'

2022-12-27 23:04:44 - [TEST_STEP][PASSED] - maximizeWindow(): Current window maximized

2022-12-27 23:04:44 - [MESSAGE][PASSED] - Current window maximized

2022-12-27 23:04:44 - [TEST_STEP][PASSED] - verifyElementClickable(findTestObject("Login/btn_appointment")): Object 'Object Repository/Login/btn_appointment' is clickable

2022-12-27 23:04:45 - [MESSAGE][PASSED] - Object 'Object Repository/Login/btn_appointment' is clickable

2022-12-27 23:04:45 - [TEST_STEP][PASSED] - click(findTestObject("Login/btn_appointment")): Object: 'Object Repository/Login/btn_appointment' is clicked on

2022-12-27 23:04:46 - [MESSAGE][PASSED] - Object: 'Object Repository/Login/btn_appointment' is clicked on

2022-12-27 23:04:46 - [TEST_STEP][PASSED] - comment("Move to login page"): Move to login page

2022-12-27 23:04:46 - [MESSAGE][INFO] - Move to login page

2022-12-27 23:04:46 - [TEST_STEP][PASSED] - verifyElementClickable(findTestObject("Login/button_Login")): Object 'Object Repository/Login/button_Login' is clickable

2022-12-27 23:04:46 - [MESSAGE][PASSED] - Object 'Object Repository/Login/button_Login' is clickable

2022-12-27 23:04:46 - [TEST_STEP][PASSED] - closeBrowser(): Browser is closed

2022-12-27 23:04:47 - [MESSAGE][PASSED] - Browser is closed]]></system-out>
         <system-err><![CDATA[]]></system-err>
      </testcase>
      <testcase name="Test Cases/Login/TWL02_Verify login without password and username" time="8.01" classname="Test Cases/Login/TWL02_Verify login without password and username" status="PASSED">
         <system-out><![CDATA[2022-12-27 23:04:47 - [TEST_CASE][PASSED] - Test Cases/Login/TWL02_Verify login without password and username: Test Cases/Login/TWL02_Verify login without password and username

2022-12-27 23:04:47 - [TEST_STEP][PASSED] - openBrowser(URL_Login): Browser is opened with url: 'https://katalon-demo-cura.herokuapp.com/profile.php#login'

2022-12-27 23:04:47 - [MESSAGE][INFO] - Starting 'Chrome' driver

2022-12-27 23:04:47 - [MESSAGE][INFO] - Action delay is set to 0 milliseconds

2022-12-27 23:04:52 - [MESSAGE][PASSED] - Browser is opened with url: 'https://katalon-demo-cura.herokuapp.com/profile.php#login'

2022-12-27 23:04:52 - [TEST_STEP][PASSED] - maximizeWindow(): Current window maximized

2022-12-27 23:04:52 - [MESSAGE][PASSED] - Current window maximized

2022-12-27 23:04:52 - [TEST_STEP][PASSED] - verifyElementClickable(findTestObject("Login/button_Login")): Object 'Object Repository/Login/button_Login' is clickable

2022-12-27 23:04:53 - [MESSAGE][PASSED] - Object 'Object Repository/Login/button_Login' is clickable

2022-12-27 23:04:53 - [TEST_STEP][PASSED] - click(findTestObject("Login/button_Login")): Object: 'Object Repository/Login/button_Login' is clicked on

2022-12-27 23:04:54 - [MESSAGE][PASSED] - Object: 'Object Repository/Login/button_Login' is clicked on

2022-12-27 23:04:54 - [TEST_STEP][PASSED] - comment("Login Failed"): Login Failed

2022-12-27 23:04:54 - [MESSAGE][INFO] - Login Failed

2022-12-27 23:04:54 - [TEST_STEP][PASSED] - verifyElementPresent(findTestObject("Login/Alert_login failed"), 0): Object 'Object Repository/Login/Alert_login failed' is present

2022-12-27 23:04:54 - [MESSAGE][WARNING] - Timeout '0' is invalid. Using default page load timeout: '30'

2022-12-27 23:04:54 - [MESSAGE][PASSED] - Object 'Object Repository/Login/Alert_login failed' is present

2022-12-27 23:04:54 - [TEST_STEP][PASSED] - closeBrowser(): Browser is closed

2022-12-27 23:04:55 - [MESSAGE][PASSED] - Browser is closed]]></system-out>
         <system-err><![CDATA[]]></system-err>
      </testcase>
      <testcase name="Test Cases/Login/TWL03_Verify login without password" time="9.619" classname="Test Cases/Login/TWL03_Verify login without password" status="PASSED">
         <system-out><![CDATA[2022-12-27 23:04:55 - [TEST_CASE][PASSED] - Test Cases/Login/TWL03_Verify login without password: Test Cases/Login/TWL03_Verify login without password

2022-12-27 23:04:55 - [TEST_STEP][PASSED] - openBrowser(URL_Login): Browser is opened with url: 'https://katalon-demo-cura.herokuapp.com/profile.php#login'

2022-12-27 23:04:55 - [MESSAGE][INFO] - Starting 'Chrome' driver

2022-12-27 23:04:55 - [MESSAGE][INFO] - Action delay is set to 0 milliseconds

2022-12-27 23:05:00 - [MESSAGE][PASSED] - Browser is opened with url: 'https://katalon-demo-cura.herokuapp.com/profile.php#login'

2022-12-27 23:05:00 - [TEST_STEP][PASSED] - maximizeWindow(): Current window maximized

2022-12-27 23:05:01 - [MESSAGE][PASSED] - Current window maximized

2022-12-27 23:05:01 - [TEST_STEP][PASSED] - verifyElementClickable(findTestObject("Login/button_Login")): Object 'Object Repository/Login/button_Login' is clickable

2022-12-27 23:05:01 - [MESSAGE][PASSED] - Object 'Object Repository/Login/button_Login' is clickable

2022-12-27 23:05:01 - [TEST_STEP][PASSED] - setText(findTestObject("Login/input_username"), "John Doe"): Text 'John Doe' is set on object 'Object Repository/Login/input_username'

2022-12-27 23:05:02 - [MESSAGE][PASSED] - Text 'John Doe' is set on object 'Object Repository/Login/input_username'

2022-12-27 23:05:02 - [TEST_STEP][PASSED] - click(findTestObject("Login/button_Login")): Object: 'Object Repository/Login/button_Login' is clicked on

2022-12-27 23:05:03 - [MESSAGE][PASSED] - Object: 'Object Repository/Login/button_Login' is clicked on

2022-12-27 23:05:03 - [TEST_STEP][PASSED] - verifyElementPresent(findTestObject("Login/Alert_login failed"), 0): Object 'Object Repository/Login/Alert_login failed' is present

2022-12-27 23:05:03 - [MESSAGE][WARNING] - Timeout '0' is invalid. Using default page load timeout: '30'

2022-12-27 23:05:04 - [MESSAGE][PASSED] - Object 'Object Repository/Login/Alert_login failed' is present

2022-12-27 23:05:04 - [TEST_STEP][PASSED] - comment("Login Failed"): Login Failed

2022-12-27 23:05:04 - [MESSAGE][INFO] - Login Failed

2022-12-27 23:05:04 - [TEST_STEP][PASSED] - closeBrowser(): Browser is closed

2022-12-27 23:05:05 - [MESSAGE][PASSED] - Browser is closed]]></system-out>
         <system-err><![CDATA[]]></system-err>
      </testcase>
      <testcase name="Test Cases/Login/TWL04_Verify login without username" time="10.368" classname="Test Cases/Login/TWL04_Verify login without username" status="PASSED">
         <system-out><![CDATA[2022-12-27 23:05:05 - [TEST_CASE][PASSED] - Test Cases/Login/TWL04_Verify login without username: Test Cases/Login/TWL04_Verify login without username

2022-12-27 23:05:05 - [TEST_STEP][PASSED] - openBrowser(URL_Login): Browser is opened with url: 'https://katalon-demo-cura.herokuapp.com/profile.php#login
'

2022-12-27 23:05:05 - [MESSAGE][INFO] - Starting 'Chrome' driver

2022-12-27 23:05:05 - [MESSAGE][INFO] - Action delay is set to 0 milliseconds

2022-12-27 23:05:11 - [MESSAGE][PASSED] - Browser is opened with url: 'https://katalon-demo-cura.herokuapp.com/profile.php#login
'

2022-12-27 23:05:11 - [TEST_STEP][PASSED] - maximizeWindow(): Current window maximized

2022-12-27 23:05:11 - [MESSAGE][PASSED] - Current window maximized

2022-12-27 23:05:11 - [TEST_STEP][PASSED] - verifyElementClickable(findTestObject("Login/button_Login")): Object 'Object Repository/Login/button_Login' is clickable

2022-12-27 23:05:11 - [MESSAGE][PASSED] - Object 'Object Repository/Login/button_Login' is clickable

2022-12-27 23:05:11 - [TEST_STEP][PASSED] - setText(findTestObject("Login/input_password"), "ThisIsNotAPassword"): Text 'ThisIsNotAPassword' is set on object 'Object Repository/Login/input_password'

2022-12-27 23:05:13 - [MESSAGE][PASSED] - Text 'ThisIsNotAPassword' is set on object 'Object Repository/Login/input_password'

2022-12-27 23:05:13 - [TEST_STEP][PASSED] - click(findTestObject("Login/button_Login")): Object: 'Object Repository/Login/button_Login' is clicked on

2022-12-27 23:05:14 - [MESSAGE][PASSED] - Object: 'Object Repository/Login/button_Login' is clicked on

2022-12-27 23:05:14 - [TEST_STEP][PASSED] - verifyElementPresent(findTestObject("Login/Alert_login failed"), 0): Object 'Object Repository/Login/Alert_login failed' is present

2022-12-27 23:05:14 - [MESSAGE][WARNING] - Timeout '0' is invalid. Using default page load timeout: '30'

2022-12-27 23:05:14 - [MESSAGE][PASSED] - Object 'Object Repository/Login/Alert_login failed' is present

2022-12-27 23:05:14 - [TEST_STEP][PASSED] - comment("Login Failed"): Login Failed

2022-12-27 23:05:14 - [MESSAGE][INFO] - Login Failed

2022-12-27 23:05:14 - [TEST_STEP][PASSED] - closeBrowser(): Browser is closed

2022-12-27 23:05:15 - [MESSAGE][PASSED] - Browser is closed]]></system-out>
         <system-err><![CDATA[]]></system-err>
      </testcase>
      <testcase name="Test Cases/Login/TWL05_Verify login succes" time="10.927" classname="Test Cases/Login/TWL05_Verify login succes" status="PASSED">
         <system-out><![CDATA[2022-12-27 23:05:15 - [TEST_CASE][PASSED] - Test Cases/Login/TWL05_Verify login succes: Test Cases/Login/TWL05_Verify login succes

2022-12-27 23:05:15 - [TEST_STEP][PASSED] - openBrowser(URL_Login): Browser is opened with url: 'https://katalon-demo-cura.herokuapp.com/profile.php#login
'

2022-12-27 23:05:15 - [MESSAGE][INFO] - Starting 'Chrome' driver

2022-12-27 23:05:15 - [MESSAGE][INFO] - Action delay is set to 0 milliseconds

2022-12-27 23:05:20 - [MESSAGE][PASSED] - Browser is opened with url: 'https://katalon-demo-cura.herokuapp.com/profile.php#login
'

2022-12-27 23:05:20 - [TEST_STEP][PASSED] - maximizeWindow(): Current window maximized

2022-12-27 23:05:21 - [MESSAGE][PASSED] - Current window maximized

2022-12-27 23:05:21 - [TEST_STEP][PASSED] - verifyElementClickable(findTestObject("Login/button_Login")): Object 'Object Repository/Login/button_Login' is clickable

2022-12-27 23:05:21 - [MESSAGE][PASSED] - Object 'Object Repository/Login/button_Login' is clickable

2022-12-27 23:05:21 - [TEST_STEP][PASSED] - setText(findTestObject("Login/input_username"), "John Doe"): Text 'John Doe' is set on object 'Object Repository/Login/input_username'

2022-12-27 23:05:22 - [MESSAGE][PASSED] - Text 'John Doe' is set on object 'Object Repository/Login/input_username'

2022-12-27 23:05:22 - [TEST_STEP][PASSED] - setText(findTestObject("Login/input_password"), "ThisIsNotAPassword"): Text 'ThisIsNotAPassword' is set on object 'Object Repository/Login/input_password'

2022-12-27 23:05:23 - [MESSAGE][PASSED] - Text 'ThisIsNotAPassword' is set on object 'Object Repository/Login/input_password'

2022-12-27 23:05:23 - [TEST_STEP][PASSED] - click(findTestObject("Login/button_Login")): Object: 'Object Repository/Login/button_Login' is clicked on

2022-12-27 23:05:25 - [MESSAGE][PASSED] - Object: 'Object Repository/Login/button_Login' is clicked on

2022-12-27 23:05:25 - [TEST_STEP][PASSED] - comment("Move to make appointement page"): Move to make appointement page

2022-12-27 23:05:25 - [MESSAGE][INFO] - Move to make appointement page

2022-12-27 23:05:25 - [TEST_STEP][PASSED] - verifyElementClickable(findTestObject("Login/btn_Logout")): Object 'Object Repository/Login/btn_Logout' is clickable

2022-12-27 23:05:25 - [MESSAGE][PASSED] - Object 'Object Repository/Login/btn_Logout' is clickable

2022-12-27 23:05:25 - [TEST_STEP][PASSED] - closeBrowser(): Browser is closed

2022-12-27 23:05:26 - [MESSAGE][PASSED] - Browser is closed]]></system-out>
         <system-err><![CDATA[]]></system-err>
      </testcase>
      <system-out><![CDATA[2022-12-27 23:04:37 - [TEST_SUITE][PASSED] - Login: Test Cases/Login/TWL05_Verify login succes]]></system-out>
      <system-err><![CDATA[]]></system-err>
   </testsuite>
</testsuites>
